<?xml version="1.0" encoding="UTF-8"?>
<testsuite name="Inicio de sesion en la app de exito" tests="1" skipped="0" failures="0" errors="0" timestamp="2023-09-26T04:31:05" hostname="SQAMED-83818" time="57.334">
  <properties/>
  <testcase name="ingresar al app de exito" classname="Inicio de sesion en la app de exito" time="57.334"/>
  <system-out><![CDATA[Celular Xiaomi Redmi Note 12S 256Gb / 8Ram / 108Mp Gris
Celular Xiaomi Redmi Note 12S 256Gb / 8Ram / 108Mp Gris
]]></system-out>
  <system-err><![CDATA[sept. 25, 2023 11:31:15 P. M. io.appium.java_client.remote.AppiumCommandExecutor$1 lambda$0
INFO: Detected dialect: OSS
[Test worker] INFO net.thucydides.core.steps.ConsoleLoggingListener - 
        __    _____ _____ ____ _____   ____   _    ____  ____  _____ ____  
  _     \ \  |_   _| ____/ ___|_   _| |  _ \ / \  / ___|/ ___|| ____|  _ \ 
 (_)_____| |   | | |  _| \___ \ | |   | |_) / _ \ \___ \\___ \|  _| | | | |
  _|_____| |   | | | |___ ___) || |   |  __/ ___ \ ___) |___) | |___| |_| |
 (_)     | |   |_| |_____|____/ |_|   |_| /_/   \_\____/|____/|_____|____/ 
        /_/                                                                

TEST PASSED: ingresar al app de exito
----------------------------------------------------------------------------
]]></system-err>
</testsuite>
